<?xml version="1.0" encoding="UTF-8"?>
<!-- Generated by org.testng.reporters.JUnitReportReporter -->
<testsuite skipped="0" hostname="BDC4-L-8Y4DZM2" name="seleniumplus.NewTest7" tests="2" failures="0" timestamp="2019-10-22T10:41:06 IST" time="0.012" errors="0">
  <testcase name="test2" time="0.001" classname="seleniumplus.NewTest7"/>
  <testcase name="test1" time="0.011" classname="seleniumplus.NewTest7"/>
</testsuite> <!-- seleniumplus.NewTest7 -->
