<?xml version="1.0" encoding="UTF-8"?>
<!-- Generated by org.testng.reporters.JUnitReportReporter -->
<testsuite skipped="0" hostname="BDC4-L-8Y4DZM2" name="seleniumplus.Test4" tests="1" failures="0" timestamp="2019-10-21T15:15:02 IST" time="0.546" errors="0">
  <testcase name="testExcel" time="0.546" classname="seleniumplus.Test4"/>
</testsuite> <!-- seleniumplus.Test4 -->
