<?xml version="1.0" encoding="UTF-8"?>
<!-- Generated by org.testng.reporters.JUnitReportReporter -->
<testsuite skipped="0" hostname="BDC4-L-8Y4DZM2" name="seleniumplus.tests.TestDemoWebShopLogin" tests="2" failures="0" timestamp="2019-10-23T10:36:11 IST" time="3.005" errors="0">
  <testcase name="testLoginLink" time="0.599" classname="seleniumplus.tests.TestDemoWebShopLogin"/>
  <testcase name="testLoginInfo" time="2.406" classname="seleniumplus.tests.TestDemoWebShopLogin"/>
</testsuite> <!-- seleniumplus.tests.TestDemoWebShopLogin -->
