<?xml version="1.0" encoding="UTF-8"?>
<!-- Generated by org.testng.reporters.JUnitReportReporter -->
<testsuite skipped="0" hostname="BDC4-L-8Y4DZM2" name="seleniumplus.Test6" tests="1" failures="0" timestamp="2019-10-22T10:25:02 IST" time="14.200" errors="0">
  <testcase name="testProducts" time="14.200" classname="seleniumplus.Test6"/>
</testsuite> <!-- seleniumplus.Test6 -->
