<?xml version="1.0" encoding="UTF-8"?>
<!-- Generated by org.testng.reporters.JUnitReportReporter -->
<testsuite skipped="0" hostname="BDC4-L-8Y4DZM2" name="seleniumplus.Test5" tests="9" failures="0" timestamp="2019-10-23T12:15:42 IST" time="39.729" errors="0">
  <testcase name="testLoginUsers" time="3.021" classname="seleniumplus.Test5"/>
  <testcase name="testLoginUsers" time="3.252" classname="seleniumplus.Test5"/>
  <testcase name="testLoginUsers" time="10.631" classname="seleniumplus.Test5"/>
  <testcase name="testLoginUsers" time="3.337" classname="seleniumplus.Test5"/>
  <testcase name="testLoginUsers" time="5.643" classname="seleniumplus.Test5"/>
  <testcase name="testLoginUsers" time="3.645" classname="seleniumplus.Test5"/>
  <testcase name="testLoginUsers" time="2.866" classname="seleniumplus.Test5"/>
  <testcase name="testLoginUsers" time="4.529" classname="seleniumplus.Test5"/>
  <testcase name="testLoginUsers" time="2.805" classname="seleniumplus.Test5"/>
</testsuite> <!-- seleniumplus.Test5 -->
